<?xml version="1.0" encoding="UTF-8"?>
<!-- Generated by org.testng.reporters.JUnitReportReporter -->
<testsuite skipped="0" hostname="Mahfuz" name="com.qa.Swaag.Tests.LoginTest" tests="1" failures="0" timestamp="02 Apr 2021 00:16:51 GMT" time="2.160" errors="0">
  <testcase name="loginApp" time="2.160" classname="com.qa.Swaag.Tests.LoginTest"/>
</testsuite> <!-- com.qa.Swaag.Tests.LoginTest -->
