<?xml version="1.0" encoding="UTF-8"?>
<!-- Generated by org.testng.reporters.JUnitReportReporter -->
<testsuite skipped="0" hostname="Mahfuz" name="com.qa.Swaag.Tests.WithoutFramework" tests="1" failures="0" timestamp="16 Mar 2021 01:43:11 GMT" time="5.355" errors="0">
  <testcase name="loginTest" time="5.355" classname="com.qa.Swaag.Tests.WithoutFramework"/>
</testsuite> <!-- com.qa.Swaag.Tests.WithoutFramework -->
